<?xml version="1.0" encoding="UTF-8"?>
<!-- Generated by org.testng.reporters.JUnitReportReporter -->
<testsuite hostname="FarhanKhalid" failures="0" tests="1" name="test1.Class1" time="2.946" errors="0" timestamp="2022-12-04T22:25:06 EST" skipped="0">
  <testcase classname="test1.Class1" name="LaunchBrowser" time="2.946"/>
  <system-out/>
</testsuite> <!-- test1.Class1 -->
